<?xml version="1.0" encoding="UTF-8"?>
<beans xmlns="http://www.springframework.org/schema/beans" xmlns:xsi="http://www.w3.org/2001/XMLSchema-instance"
	xmlns:aop="http://www.springframework.org/schema/aop" xmlns:tx="http://www.springframework.org/schema/tx"
	xsi:schemaLocation="
	http://www.springframework.org/schema/beans http://www.springframework.org/schema/beans/spring-beans-3.1.xsd
	http://www.springframework.org/schema/aop http://www.springframework.org/schema/aop/spring-aop-3.1.xsd
	http://www.springframework.org/schema/tx http://www.springframework.org/schema/tx/spring-tx-3.1.xsd">

	<bean id="txManager1" class="org.springframework.jdbc.datasource.DataSourceTransactionManager">
		<property name="dataSource" ref="dataSource1" />
	</bean>

	<tx:advice id="repeatedReadTxAdvice-REQUIRED1" transaction-manager="txManager1">
		<!-- the transactional semantics... -->
		<tx:attributes>
			<tx:method name="*" propagation="REQUIRED" isolation="REPEATABLE_READ" rollback-for="Throwable" />
		</tx:attributes>
	</tx:advice>
	
	<tx:advice id="readCommitedTxAdvice-REQUIRES_NEW1" transaction-manager="txManager1">
		<!-- the transactional semantics... -->
		<tx:attributes>
			<tx:method name="*" propagation="REQUIRES_NEW" isolation="REPEATABLE_READ" rollback-for="Throwable" />
		</tx:attributes>
	</tx:advice>


	<aop:config>
		<aop:advisor pointcut="execution(* com.cana.test.service1.transaction..*.*(..))" advice-ref="repeatedReadTxAdvice-REQUIRED1" />
	</aop:config>

</beans>
