<?xml version="1.0" encoding="UTF-8"?>
<beans xmlns="http://www.springframework.org/schema/beans"
	xmlns:p="http://www.springframework.org/schema/p" xmlns:xsi="http://www.w3.org/2001/XMLSchema-instance"
	xmlns:context="http://www.springframework.org/schema/context"
	xmlns:mvc="http://www.springframework.org/schema/mvc" xmlns:aop="http://www.springframework.org/schema/aop"
	xmlns:tx="http://www.springframework.org/schema/tx" 
	xmlns:mybatis="http://mybatis.org/schema/mybatis-spring"
	xsi:schemaLocation="http://www.springframework.org/schema/beans		http://www.springframework.org/schema/beans/spring-beans-3.1.xsd
		http://www.springframework.org/schema/context				http://www.springframework.org/schema/context/spring-context-3.1.xsd
		http://www.springframework.org/schema/aop    				http://www.springframework.org/schema/aop/spring-aop-3.1.xsd
		http://www.springframework.org/schema/mvc					http://www.springframework.org/schema/mvc/spring-mvc-3.1.xsd
		http://mybatis.org/schema/mybatis-spring                    http://mybatis.org/schema/mybatis-spring.xsd
		http://www.springframework.org/schema/tx            		http://www.springframework.org/schema/tx/spring-tx.xsd">
	

	
    <bean id="dataSource2" class="org.apache.commons.dbcp.BasicDataSource" destroy-method="close">
	    <property name="driverClassName" value="com.mysql.jdbc.Driver" />        
		<property name="url" value="jdbc:mysql://192.168.1.7:3306/test" /> 
	    <property name="username" value="root" />         
	    <property name="password" value="Abc12345" />         
        <property name="maxActive" value="10"></property>
        <property name="minIdle" value="3"></property>  
	    <property name="maxIdle" value="5"></property>  
    </bean>
	
	
	<bean id="sqlSessionFactory2" class="org.mybatis.spring.SqlSessionFactoryBean" > 
	 	<!-- 加入maybatis配置文件 -->
	 	<property name="configLocation" value="classpath:mybatis/config/mybatis-configuration.xml"/>
        <property name="mapperLocations">
        	<list>
        		<value>classpath*:mybatis/mapper2/**/*.xml</value>
        	</list> 
        </property>
        <property name="dataSource" ref="dataSource2" />
     </bean>
     
     <mybatis:scan base-package="com.cana.test.dao2.mapper" factory-ref="sqlSessionFactory2" />

</beans>